2025-09-03 11:46:54 [restartedMain] INFO  com.devenglish.DevEnglishApplication - Starting DevEnglishApplication using Java 1.8.0_452 on focus with PID 2188 (D:\workspace\yiyue\leanEn\backend-springboot\target\classes started by Administrator in D:\workspace\yiyue\leanEn)
2025-09-03 11:46:54 [restartedMain] DEBUG com.devenglish.DevEnglishApplication - Running with Spring Boot v2.7.14, Spring v5.3.29
2025-09-03 11:46:54 [restartedMain] INFO  com.devenglish.DevEnglishApplication - The following 1 profile is active: "dev"
2025-09-03 11:46:54 [restartedMain] INFO  o.s.b.d.e.DevToolsPropertyDefaultsPostProcessor - Devtools property defaults active! Set 'spring.devtools.add-properties' to 'false' to disable
2025-09-03 11:46:54 [restartedMain] INFO  o.s.b.d.e.DevToolsPropertyDefaultsPostProcessor - For additional web related logging consider setting the 'logging.level.web' property to 'DEBUG'
2025-09-03 11:46:55 [restartedMain] INFO  o.s.d.r.c.RepositoryConfigurationDelegate - Multiple Spring Data modules found, entering strict repository configuration mode
2025-09-03 11:46:55 [restartedMain] INFO  o.s.d.r.c.RepositoryConfigurationDelegate - Bootstrapping Spring Data Redis repositories in DEFAULT mode.
2025-09-03 11:46:55 [restartedMain] INFO  o.s.d.r.c.RepositoryConfigurationDelegate - Finished Spring Data repository scanning in 5 ms. Found 0 Redis repository interfaces.
2025-09-03 11:46:55 [restartedMain] INFO  o.s.b.w.e.tomcat.TomcatWebServer - Tomcat initialized with port(s): 8080 (http)
2025-09-03 11:46:55 [restartedMain] INFO  o.a.catalina.core.StandardService - Starting service [Tomcat]
2025-09-03 11:46:55 [restartedMain] INFO  o.a.catalina.core.StandardEngine - Starting Servlet engine: [Apache Tomcat/9.0.78]
2025-09-03 11:46:55 [restartedMain] INFO  o.a.c.c.C.[Tomcat].[localhost].[/] - Initializing Spring embedded WebApplicationContext
2025-09-03 11:46:55 [restartedMain] INFO  o.s.b.w.s.c.ServletWebServerApplicationContext - Root WebApplicationContext: initialization completed in 1130 ms
2025-09-03 11:46:55 [restartedMain] INFO  com.zaxxer.hikari.HikariDataSource - HikariPool-1 - Starting...
2025-09-03 11:46:56 [restartedMain] INFO  com.zaxxer.hikari.HikariDataSource - HikariPool-1 - Start completed.
2025-09-03 11:46:56 [restartedMain] INFO  o.s.b.a.h.H2ConsoleAutoConfiguration - H2 console available at '/h2-console'. Database available at 'jdbc:mysql://117.72.222.158:3306/devenglish?useUnicode=true&characterEncoding=utf8&serverTimezone=Asia/Shanghai&useSSL=false&allowPublicKeyRetrieval=true'
2025-09-03 11:46:56 [restartedMain] DEBUG c.d.security.JwtAuthenticationFilter - Filter 'jwtAuthenticationFilter' configured for use
2025-09-03 11:46:57 [restartedMain] DEBUG o.s.s.c.a.a.c.AuthenticationConfiguration$DefaultPasswordEncoderAuthenticationManagerBuilder - No authenticationProviders and no parentAuthenticationManager defined. Returning null.
2025-09-03 11:46:57 [restartedMain] DEBUG o.s.s.w.a.e.ExpressionBasedFilterInvocationSecurityMetadataSource - Adding web access control expression [permitAll] for Ant [pattern='/api/auth/**']
2025-09-03 11:46:57 [restartedMain] DEBUG o.s.s.w.a.e.ExpressionBasedFilterInvocationSecurityMetadataSource - Adding web access control expression [permitAll] for Ant [pattern='/swagger-ui/**']
2025-09-03 11:46:57 [restartedMain] DEBUG o.s.s.w.a.e.ExpressionBasedFilterInvocationSecurityMetadataSource - Adding web access control expression [permitAll] for Ant [pattern='/v3/api-docs/**']
2025-09-03 11:46:57 [restartedMain] DEBUG o.s.s.w.a.e.ExpressionBasedFilterInvocationSecurityMetadataSource - Adding web access control expression [permitAll] for Ant [pattern='/swagger-resources/**']
2025-09-03 11:46:57 [restartedMain] DEBUG o.s.s.w.a.e.ExpressionBasedFilterInvocationSecurityMetadataSource - Adding web access control expression [permitAll] for Ant [pattern='/h2-console/**']
2025-09-03 11:46:57 [restartedMain] DEBUG o.s.s.w.a.e.ExpressionBasedFilterInvocationSecurityMetadataSource - Adding web access control expression [authenticated] for any request
2025-09-03 11:46:57 [restartedMain] INFO  o.s.s.web.DefaultSecurityFilterChain - Will secure any request with [org.springframework.security.web.session.DisableEncodeUrlFilter@171453ca, org.springframework.security.web.context.request.async.WebAsyncManagerIntegrationFilter@60f6928c, org.springframework.security.web.context.SecurityContextPersistenceFilter@282bc9ff, org.springframework.security.web.header.HeaderWriterFilter@27566a6f, org.springframework.web.filter.CorsFilter@144e767b, org.springframework.security.web.authentication.logout.LogoutFilter@23c00bc7, com.devenglish.security.JwtAuthenticationFilter@60b72979, org.springframework.security.web.savedrequest.RequestCacheAwareFilter@97c1608, org.springframework.security.web.servletapi.SecurityContextHolderAwareRequestFilter@2a13e360, org.springframework.security.web.authentication.AnonymousAuthenticationFilter@91788fb, org.springframework.security.web.session.SessionManagementFilter@6aa310bc, org.springframework.security.web.access.ExceptionTranslationFilter@1dace08f, org.springframework.security.web.access.intercept.FilterSecurityInterceptor@1dd56108]
2025-09-03 11:46:57 [restartedMain] WARN  o.s.b.d.a.OptionalLiveReloadServer - Unable to start LiveReload server
2025-09-03 11:46:57 [restartedMain] WARN  o.s.b.w.s.c.AnnotationConfigServletWebServerApplicationContext - Exception encountered during context initialization - cancelling refresh attempt: org.springframework.context.ApplicationContextException: Failed to start bean 'webServerStartStop'; nested exception is org.springframework.boot.web.server.PortInUseException: Port 8080 is already in use
2025-09-03 11:46:57 [restartedMain] INFO  com.zaxxer.hikari.HikariDataSource - HikariPool-1 - Shutdown initiated...
2025-09-03 11:46:57 [restartedMain] INFO  com.zaxxer.hikari.HikariDataSource - HikariPool-1 - Shutdown completed.
2025-09-03 11:46:57 [restartedMain] INFO  o.a.catalina.core.StandardService - Stopping service [Tomcat]
2025-09-03 11:46:57 [restartedMain] INFO  o.s.b.a.l.ConditionEvaluationReportLoggingListener - 

Error starting ApplicationContext. To display the conditions report re-run your application with 'debug' enabled.
2025-09-03 11:46:57 [restartedMain] ERROR o.s.b.d.LoggingFailureAnalysisReporter - 

***************************
APPLICATION FAILED TO START
***************************

Description:

Web server failed to start. Port 8080 was already in use.

Action:

Identify and stop the process that's listening on port 8080 or configure this application to listen on another port.

2025-09-03 11:48:28 [restartedMain] INFO  com.devenglish.DevEnglishApplication - Starting DevEnglishApplication using Java 1.8.0_452 on focus with PID 8552 (D:\workspace\yiyue\leanEn\backend-springboot\target\classes started by Administrator in D:\workspace\yiyue\leanEn)
2025-09-03 11:48:28 [restartedMain] DEBUG com.devenglish.DevEnglishApplication - Running with Spring Boot v2.7.14, Spring v5.3.29
2025-09-03 11:48:28 [restartedMain] INFO  com.devenglish.DevEnglishApplication - The following 1 profile is active: "dev"
2025-09-03 11:48:28 [restartedMain] INFO  o.s.b.d.e.DevToolsPropertyDefaultsPostProcessor - Devtools property defaults active! Set 'spring.devtools.add-properties' to 'false' to disable
2025-09-03 11:48:28 [restartedMain] INFO  o.s.b.d.e.DevToolsPropertyDefaultsPostProcessor - For additional web related logging consider setting the 'logging.level.web' property to 'DEBUG'
2025-09-03 11:48:29 [restartedMain] INFO  o.s.d.r.c.RepositoryConfigurationDelegate - Multiple Spring Data modules found, entering strict repository configuration mode
2025-09-03 11:48:29 [restartedMain] INFO  o.s.d.r.c.RepositoryConfigurationDelegate - Bootstrapping Spring Data Redis repositories in DEFAULT mode.
2025-09-03 11:48:29 [restartedMain] INFO  o.s.d.r.c.RepositoryConfigurationDelegate - Finished Spring Data repository scanning in 4 ms. Found 0 Redis repository interfaces.
2025-09-03 11:48:29 [restartedMain] INFO  o.s.b.w.e.tomcat.TomcatWebServer - Tomcat initialized with port(s): 8080 (http)
2025-09-03 11:48:29 [restartedMain] INFO  o.a.catalina.core.StandardService - Starting service [Tomcat]
2025-09-03 11:48:29 [restartedMain] INFO  o.a.catalina.core.StandardEngine - Starting Servlet engine: [Apache Tomcat/9.0.78]
2025-09-03 11:48:29 [restartedMain] INFO  o.a.c.c.C.[Tomcat].[localhost].[/] - Initializing Spring embedded WebApplicationContext
2025-09-03 11:48:29 [restartedMain] INFO  o.s.b.w.s.c.ServletWebServerApplicationContext - Root WebApplicationContext: initialization completed in 1090 ms
2025-09-03 11:48:29 [restartedMain] INFO  com.zaxxer.hikari.HikariDataSource - HikariPool-1 - Starting...
2025-09-03 11:48:30 [restartedMain] INFO  com.zaxxer.hikari.HikariDataSource - HikariPool-1 - Start completed.
2025-09-03 11:48:30 [restartedMain] INFO  o.s.b.a.h.H2ConsoleAutoConfiguration - H2 console available at '/h2-console'. Database available at 'jdbc:mysql://117.72.222.158:3306/devenglish?useUnicode=true&characterEncoding=utf8&serverTimezone=Asia/Shanghai&useSSL=false&allowPublicKeyRetrieval=true'
2025-09-03 11:48:30 [restartedMain] DEBUG c.d.security.JwtAuthenticationFilter - Filter 'jwtAuthenticationFilter' configured for use
2025-09-03 11:48:31 [restartedMain] DEBUG o.s.s.c.a.a.c.AuthenticationConfiguration$DefaultPasswordEncoderAuthenticationManagerBuilder - No authenticationProviders and no parentAuthenticationManager defined. Returning null.
2025-09-03 11:48:31 [restartedMain] DEBUG o.s.s.w.a.e.ExpressionBasedFilterInvocationSecurityMetadataSource - Adding web access control expression [permitAll] for Ant [pattern='/api/auth/**']
2025-09-03 11:48:31 [restartedMain] DEBUG o.s.s.w.a.e.ExpressionBasedFilterInvocationSecurityMetadataSource - Adding web access control expression [permitAll] for Ant [pattern='/swagger-ui/**']
2025-09-03 11:48:31 [restartedMain] DEBUG o.s.s.w.a.e.ExpressionBasedFilterInvocationSecurityMetadataSource - Adding web access control expression [permitAll] for Ant [pattern='/v3/api-docs/**']
2025-09-03 11:48:31 [restartedMain] DEBUG o.s.s.w.a.e.ExpressionBasedFilterInvocationSecurityMetadataSource - Adding web access control expression [permitAll] for Ant [pattern='/swagger-resources/**']
2025-09-03 11:48:31 [restartedMain] DEBUG o.s.s.w.a.e.ExpressionBasedFilterInvocationSecurityMetadataSource - Adding web access control expression [permitAll] for Ant [pattern='/h2-console/**']
2025-09-03 11:48:31 [restartedMain] DEBUG o.s.s.w.a.e.ExpressionBasedFilterInvocationSecurityMetadataSource - Adding web access control expression [authenticated] for any request
2025-09-03 11:48:31 [restartedMain] INFO  o.s.s.web.DefaultSecurityFilterChain - Will secure any request with [org.springframework.security.web.session.DisableEncodeUrlFilter@39ee89a2, org.springframework.security.web.context.request.async.WebAsyncManagerIntegrationFilter@2e0b838f, org.springframework.security.web.context.SecurityContextPersistenceFilter@68066b25, org.springframework.security.web.header.HeaderWriterFilter@4ee8b5c7, org.springframework.web.filter.CorsFilter@1e8c7636, org.springframework.security.web.authentication.logout.LogoutFilter@57e7090d, com.devenglish.security.JwtAuthenticationFilter@783a2e3f, org.springframework.security.web.savedrequest.RequestCacheAwareFilter@2d546360, org.springframework.security.web.servletapi.SecurityContextHolderAwareRequestFilter@7ea3b09c, org.springframework.security.web.authentication.AnonymousAuthenticationFilter@32e8ca8, org.springframework.security.web.session.SessionManagementFilter@18c47160, org.springframework.security.web.access.ExceptionTranslationFilter@4fd47659, org.springframework.security.web.access.intercept.FilterSecurityInterceptor@4800037]
2025-09-03 11:48:31 [restartedMain] WARN  o.s.b.d.a.OptionalLiveReloadServer - Unable to start LiveReload server
2025-09-03 11:48:31 [restartedMain] WARN  o.s.b.w.s.c.AnnotationConfigServletWebServerApplicationContext - Exception encountered during context initialization - cancelling refresh attempt: org.springframework.context.ApplicationContextException: Failed to start bean 'webServerStartStop'; nested exception is org.springframework.boot.web.server.PortInUseException: Port 8080 is already in use
2025-09-03 11:48:31 [restartedMain] INFO  com.zaxxer.hikari.HikariDataSource - HikariPool-1 - Shutdown initiated...
2025-09-03 11:48:31 [restartedMain] INFO  com.zaxxer.hikari.HikariDataSource - HikariPool-1 - Shutdown completed.
2025-09-03 11:48:31 [restartedMain] INFO  o.a.catalina.core.StandardService - Stopping service [Tomcat]
2025-09-03 11:48:31 [restartedMain] INFO  o.s.b.a.l.ConditionEvaluationReportLoggingListener - 

Error starting ApplicationContext. To display the conditions report re-run your application with 'debug' enabled.
2025-09-03 11:48:31 [restartedMain] ERROR o.s.b.d.LoggingFailureAnalysisReporter - 

***************************
APPLICATION FAILED TO START
***************************

Description:

Web server failed to start. Port 8080 was already in use.

Action:

Identify and stop the process that's listening on port 8080 or configure this application to listen on another port.

